<?xml version="1.0" encoding="UTF-8"?>
<coverage generated="1629672663668" clover="3.2.0">
  <project timestamp="1629672663668" name="All files">
    <metrics statements="166" coveredstatements="163" conditionals="60" coveredconditionals="53" methods="37" coveredmethods="35" elements="263" coveredelements="251" complexity="0" loc="166" ncloc="166" packages="1" files="3" classes="3"/>
    <file name="EmbeddedPostgreSQL.ts" path="E:\FAData\Desenvolvimento\Proprio\embedded-postgres\src\EmbeddedPostgreSQL.ts">
      <metrics statements="87" coveredstatements="86" conditionals="40" coveredconditionals="36" methods="17" coveredmethods="17"/>
      <line num="2" count="1" type="stmt"/>
      <line num="3" count="1" type="stmt"/>
      <line num="4" count="1" type="stmt"/>
      <line num="5" count="1" type="stmt"/>
      <line num="6" count="1" type="stmt"/>
      <line num="8" count="1" type="stmt"/>
      <line num="32" count="1" type="stmt"/>
      <line num="43" count="13" type="stmt"/>
      <line num="46" count="12" type="cond" truecount="2" falsecount="0"/>
      <line num="50" count="46" type="cond" truecount="2" falsecount="0"/>
      <line num="54" count="2" type="cond" truecount="2" falsecount="0"/>
      <line num="62" count="13" type="stmt"/>
      <line num="63" count="13" type="stmt"/>
      <line num="64" count="13" type="stmt"/>
      <line num="66" count="13" type="stmt"/>
      <line num="74" count="38" type="stmt"/>
      <line num="82" count="6" type="stmt"/>
      <line num="91" count="3" type="cond" truecount="2" falsecount="0"/>
      <line num="92" count="2" type="cond" truecount="2" falsecount="0"/>
      <line num="94" count="1" type="stmt"/>
      <line num="95" count="1" type="stmt"/>
      <line num="96" count="1" type="stmt"/>
      <line num="97" count="1" type="stmt"/>
      <line num="104" count="2" type="cond" truecount="2" falsecount="0"/>
      <line num="106" count="1" type="stmt"/>
      <line num="107" count="1" type="stmt"/>
      <line num="117" count="8" type="cond" truecount="2" falsecount="0"/>
      <line num="118" count="7" type="cond" truecount="2" falsecount="0"/>
      <line num="119" count="2" type="cond" truecount="2" falsecount="0"/>
      <line num="120" count="1" type="stmt"/>
      <line num="123" count="6" type="stmt"/>
      <line num="125" count="6" type="stmt"/>
      <line num="126" count="6" type="stmt"/>
      <line num="128" count="6" type="stmt"/>
      <line num="131" count="29" type="stmt"/>
      <line num="135" count="29" type="stmt"/>
      <line num="137" count="29" type="stmt"/>
      <line num="138" count="30" type="cond" truecount="1" falsecount="1"/>
      <line num="139" count="30" type="cond" truecount="1" falsecount="1"/>
      <line num="141" count="29" type="stmt"/>
      <line num="144" count="6" type="stmt"/>
      <line num="146" count="6" type="stmt"/>
      <line num="148" count="6" type="stmt"/>
      <line num="150" count="6" type="stmt"/>
      <line num="152" count="29" type="cond" truecount="1" falsecount="1"/>
      <line num="153" count="29" type="stmt"/>
      <line num="154" count="29" type="stmt"/>
      <line num="156" count="29" type="cond" truecount="2" falsecount="0"/>
      <line num="157" count="29" type="stmt"/>
      <line num="158" count="28" type="cond" truecount="2" falsecount="0"/>
      <line num="159" count="1" type="stmt"/>
      <line num="160" count="1" type="stmt"/>
      <line num="162" count="29" type="stmt"/>
      <line num="163" count="28" type="cond" truecount="2" falsecount="0"/>
      <line num="164" count="5" type="stmt"/>
      <line num="165" count="5" type="stmt"/>
      <line num="169" count="29" type="stmt"/>
      <line num="171" count="30" type="stmt"/>
      <line num="185" count="30" type="stmt"/>
      <line num="188" count="0" type="stmt"/>
      <line num="191" count="6" type="stmt"/>
      <line num="192" count="6" type="stmt"/>
      <line num="203" count="8" type="cond" truecount="2" falsecount="0"/>
      <line num="204" count="7" type="cond" truecount="2" falsecount="0"/>
      <line num="205" count="6" type="cond" truecount="2" falsecount="0"/>
      <line num="207" count="5" type="stmt"/>
      <line num="209" count="5" type="stmt"/>
      <line num="210" count="5" type="stmt"/>
      <line num="212" count="5" type="stmt"/>
      <line num="214" count="5" type="stmt"/>
      <line num="215" count="5" type="stmt"/>
      <line num="216" count="5" type="stmt"/>
      <line num="217" count="5" type="stmt"/>
      <line num="227" count="19" type="cond" truecount="2" falsecount="0"/>
      <line num="228" count="18" type="stmt"/>
      <line num="230" count="18" type="stmt"/>
      <line num="231" count="18" type="stmt"/>
      <line num="232" count="18" type="stmt"/>
      <line num="234" count="18" type="stmt"/>
      <line num="242" count="3" type="stmt"/>
      <line num="244" count="3" type="stmt"/>
      <line num="245" count="5" type="stmt"/>
      <line num="246" count="5" type="stmt"/>
      <line num="248" count="5" type="stmt"/>
      <line num="251" count="3" type="stmt"/>
      <line num="252" count="3" type="stmt"/>
      <line num="254" count="3" type="stmt"/>
    </file>
    <file name="installer.ts" path="E:\FAData\Desenvolvimento\Proprio\embedded-postgres\src\installer.ts">
      <metrics statements="75" coveredstatements="73" conditionals="18" coveredconditionals="15" methods="19" coveredmethods="17"/>
      <line num="1" count="2" type="stmt"/>
      <line num="2" count="2" type="stmt"/>
      <line num="3" count="2" type="stmt"/>
      <line num="4" count="2" type="stmt"/>
      <line num="5" count="2" type="stmt"/>
      <line num="6" count="2" type="stmt"/>
      <line num="7" count="2" type="stmt"/>
      <line num="8" count="2" type="stmt"/>
      <line num="9" count="2" type="stmt"/>
      <line num="10" count="2" type="stmt"/>
      <line num="12" count="2" type="stmt"/>
      <line num="14" count="2" type="stmt"/>
      <line num="15" count="2" type="stmt"/>
      <line num="16" count="2" type="stmt"/>
      <line num="21" count="2" type="stmt"/>
      <line num="39" count="2" type="cond" truecount="0" falsecount="1"/>
      <line num="41" count="6" type="cond" truecount="2" falsecount="0"/>
      <line num="43" count="5" type="stmt"/>
      <line num="45" count="5" type="stmt"/>
      <line num="47" count="5" type="stmt"/>
      <line num="49" count="5" type="stmt"/>
      <line num="50" count="5" type="stmt"/>
      <line num="52" count="2" type="stmt"/>
      <line num="54" count="2" type="stmt"/>
      <line num="56" count="2" type="stmt"/>
      <line num="58" count="2" type="stmt"/>
      <line num="60" count="2" type="stmt"/>
      <line num="62" count="2" type="stmt"/>
      <line num="64" count="3" type="stmt"/>
      <line num="65" count="3" type="stmt"/>
      <line num="66" count="3" type="stmt"/>
      <line num="76" count="2" type="cond" truecount="0" falsecount="1"/>
      <line num="77" count="2" type="cond" truecount="2" falsecount="0"/>
      <line num="79" count="1" type="stmt"/>
      <line num="87" count="2" type="cond" truecount="0" falsecount="1"/>
      <line num="88" count="47" type="cond" truecount="2" falsecount="0"/>
      <line num="89" count="36" type="stmt"/>
      <line num="90" count="36" type="stmt"/>
      <line num="91" count="36" type="stmt"/>
      <line num="93" count="11" type="stmt"/>
      <line num="98" count="5" type="stmt"/>
      <line num="120" count="5" type="stmt"/>
      <line num="126" count="5" type="stmt"/>
      <line num="135" count="5" type="stmt"/>
      <line num="141" count="13" type="stmt"/>
      <line num="142" count="24" type="stmt"/>
      <line num="144" count="5" type="cond" truecount="2" falsecount="0"/>
      <line num="145" count="4" type="cond" truecount="2" falsecount="0"/>
      <line num="147" count="3" type="stmt"/>
      <line num="153" count="55" type="cond" truecount="3" falsecount="0"/>
      <line num="155" count="3" type="cond" truecount="2" falsecount="0"/>
      <line num="157" count="2" type="stmt"/>
      <line num="159" count="2" type="stmt"/>
      <line num="163" count="2" type="stmt"/>
      <line num="165" count="2" type="stmt"/>
      <line num="166" count="2" type="stmt"/>
      <line num="168" count="2" type="stmt"/>
      <line num="169" count="2" type="stmt"/>
      <line num="170" count="2" type="stmt"/>
      <line num="171" count="2" type="stmt"/>
      <line num="173" count="2" type="stmt"/>
      <line num="174" count="0" type="stmt"/>
      <line num="176" count="2" type="stmt"/>
      <line num="181" count="2" type="stmt"/>
      <line num="183" count="2" type="stmt"/>
      <line num="185" count="2" type="stmt"/>
      <line num="186" count="2" type="stmt"/>
      <line num="187" count="2" type="stmt"/>
      <line num="188" count="2" type="stmt"/>
      <line num="190" count="2" type="stmt"/>
      <line num="191" count="0" type="stmt"/>
      <line num="193" count="2" type="stmt"/>
      <line num="201" count="2" type="stmt"/>
      <line num="203" count="2" type="stmt"/>
      <line num="209" count="2" type="stmt"/>
    </file>
    <file name="logger.ts" path="E:\FAData\Desenvolvimento\Proprio\embedded-postgres\src\logger.ts">
      <metrics statements="4" coveredstatements="4" conditionals="2" coveredconditionals="2" methods="1" coveredmethods="1"/>
      <line num="1" count="2" type="stmt"/>
      <line num="3" count="2" type="cond" truecount="2" falsecount="0"/>
      <line num="6" count="2" type="stmt"/>
      <line num="11" count="2" type="stmt"/>
    </file>
  </project>
</coverage>
