<?xml version="1.0" encoding="UTF-8"?>
<coverage generated="1728181168618" clover="3.2.0">
  <project timestamp="1728181168618" name="All files">
    <metrics statements="157" coveredstatements="154" conditionals="67" coveredconditionals="57" methods="34" coveredmethods="33" elements="258" coveredelements="244" complexity="0" loc="157" ncloc="157" packages="1" files="3" classes="3"/>
    <file name="EmbeddedPostgreSQL.ts" path="C:\FAData\Desenvolvimento\Proprio\embedded-postgres\src\EmbeddedPostgreSQL.ts">
      <metrics statements="88" coveredstatements="86" conditionals="44" coveredconditionals="38" methods="17" coveredmethods="17"/>
      <line num="2" count="1" type="stmt"/>
      <line num="3" count="1" type="stmt"/>
      <line num="4" count="1" type="stmt"/>
      <line num="5" count="1" type="stmt"/>
      <line num="6" count="1" type="stmt"/>
      <line num="8" count="1" type="stmt"/>
      <line num="32" count="1" type="stmt"/>
      <line num="43" count="15" type="stmt"/>
      <line num="46" count="16" type="cond" truecount="2" falsecount="0"/>
      <line num="50" count="58" type="cond" truecount="2" falsecount="0"/>
      <line num="54" count="4" type="cond" truecount="2" falsecount="0"/>
      <line num="62" count="15" type="stmt"/>
      <line num="63" count="15" type="stmt"/>
      <line num="64" count="15" type="stmt"/>
      <line num="66" count="15" type="stmt"/>
      <line num="74" count="47" type="stmt"/>
      <line num="82" count="7" type="stmt"/>
      <line num="104" count="4" type="cond" truecount="2" falsecount="0"/>
      <line num="105" count="3" type="cond" truecount="2" falsecount="0"/>
      <line num="107" count="2" type="stmt"/>
      <line num="108" count="2" type="stmt"/>
      <line num="109" count="2" type="stmt"/>
      <line num="110" count="2" type="stmt"/>
      <line num="117" count="2" type="cond" truecount="2" falsecount="0"/>
      <line num="119" count="1" type="stmt"/>
      <line num="120" count="1" type="stmt"/>
      <line num="130" count="10" type="cond" truecount="2" falsecount="0"/>
      <line num="131" count="9" type="cond" truecount="2" falsecount="0"/>
      <line num="132" count="2" type="cond" truecount="2" falsecount="0"/>
      <line num="133" count="1" type="stmt"/>
      <line num="136" count="8" type="stmt"/>
      <line num="138" count="8" type="stmt"/>
      <line num="139" count="8" type="stmt"/>
      <line num="141" count="8" type="stmt"/>
      <line num="144" count="39" type="stmt"/>
      <line num="148" count="39" type="stmt"/>
      <line num="150" count="39" type="stmt"/>
      <line num="151" count="40" type="cond" truecount="1" falsecount="1"/>
      <line num="152" count="40" type="cond" truecount="1" falsecount="1"/>
      <line num="154" count="39" type="stmt"/>
      <line num="157" count="8" type="stmt"/>
      <line num="159" count="8" type="stmt"/>
      <line num="161" count="8" type="stmt"/>
      <line num="163" count="8" type="stmt"/>
      <line num="165" count="39" type="cond" truecount="1" falsecount="1"/>
      <line num="166" count="39" type="stmt"/>
      <line num="167" count="39" type="stmt"/>
      <line num="169" count="39" type="cond" truecount="2" falsecount="0"/>
      <line num="170" count="39" type="stmt"/>
      <line num="171" count="38" type="cond" truecount="2" falsecount="0"/>
      <line num="172" count="1" type="stmt"/>
      <line num="173" count="1" type="stmt"/>
      <line num="175" count="39" type="stmt"/>
      <line num="176" count="38" type="cond" truecount="2" falsecount="0"/>
      <line num="177" count="7" type="stmt"/>
      <line num="178" count="7" type="stmt"/>
      <line num="182" count="39" type="stmt"/>
      <line num="184" count="40" type="stmt"/>
      <line num="199" count="40" type="cond" truecount="1" falsecount="1"/>
      <line num="200" count="0" type="stmt"/>
      <line num="203" count="0" type="stmt"/>
      <line num="206" count="8" type="stmt"/>
      <line num="207" count="8" type="stmt"/>
      <line num="218" count="10" type="cond" truecount="2" falsecount="0"/>
      <line num="219" count="9" type="cond" truecount="2" falsecount="0"/>
      <line num="220" count="8" type="cond" truecount="2" falsecount="0"/>
      <line num="222" count="7" type="stmt"/>
      <line num="224" count="7" type="stmt"/>
      <line num="225" count="7" type="stmt"/>
      <line num="227" count="7" type="stmt"/>
      <line num="229" count="7" type="stmt"/>
      <line num="230" count="7" type="stmt"/>
      <line num="231" count="7" type="stmt"/>
      <line num="232" count="7" type="stmt"/>
      <line num="242" count="23" type="cond" truecount="2" falsecount="0"/>
      <line num="243" count="22" type="stmt"/>
      <line num="245" count="22" type="stmt"/>
      <line num="246" count="22" type="stmt"/>
      <line num="247" count="22" type="stmt"/>
      <line num="249" count="22" type="stmt"/>
      <line num="257" count="3" type="stmt"/>
      <line num="259" count="3" type="stmt"/>
      <line num="260" count="5" type="stmt"/>
      <line num="261" count="5" type="stmt"/>
      <line num="263" count="5" type="stmt"/>
      <line num="266" count="3" type="stmt"/>
      <line num="267" count="3" type="stmt"/>
      <line num="269" count="3" type="stmt"/>
    </file>
    <file name="installer.ts" path="C:\FAData\Desenvolvimento\Proprio\embedded-postgres\src\installer.ts">
      <metrics statements="65" coveredstatements="64" conditionals="21" coveredconditionals="17" methods="16" coveredmethods="15"/>
      <line num="1" count="2" type="stmt"/>
      <line num="2" count="2" type="stmt"/>
      <line num="3" count="2" type="stmt"/>
      <line num="4" count="2" type="stmt"/>
      <line num="5" count="2" type="stmt"/>
      <line num="6" count="2" type="stmt"/>
      <line num="7" count="2" type="stmt"/>
      <line num="8" count="2" type="stmt"/>
      <line num="9" count="2" type="stmt"/>
      <line num="10" count="2" type="stmt"/>
      <line num="12" count="2" type="stmt"/>
      <line num="14" count="2" type="cond" truecount="3" falsecount="1"/>
      <line num="15" count="2" type="stmt"/>
      <line num="20" count="2" type="stmt"/>
      <line num="38" count="2" type="cond" truecount="0" falsecount="1"/>
      <line num="40" count="6" type="cond" truecount="2" falsecount="0"/>
      <line num="42" count="5" type="stmt"/>
      <line num="44" count="5" type="stmt"/>
      <line num="46" count="5" type="stmt"/>
      <line num="48" count="5" type="stmt"/>
      <line num="49" count="5" type="stmt"/>
      <line num="51" count="2" type="stmt"/>
      <line num="53" count="2" type="stmt"/>
      <line num="55" count="2" type="stmt"/>
      <line num="57" count="2" type="stmt"/>
      <line num="59" count="2" type="stmt"/>
      <line num="61" count="3" type="stmt"/>
      <line num="62" count="3" type="stmt"/>
      <line num="63" count="3" type="stmt"/>
      <line num="73" count="2" type="cond" truecount="0" falsecount="1"/>
      <line num="74" count="2" type="cond" truecount="2" falsecount="0"/>
      <line num="76" count="1" type="stmt"/>
      <line num="84" count="2" type="cond" truecount="0" falsecount="1"/>
      <line num="85" count="56" type="cond" truecount="2" falsecount="0"/>
      <line num="86" count="45" type="stmt"/>
      <line num="87" count="45" type="stmt"/>
      <line num="88" count="45" type="stmt"/>
      <line num="90" count="11" type="stmt"/>
      <line num="95" count="5" type="stmt"/>
      <line num="122" count="5" type="stmt"/>
      <line num="128" count="5" type="stmt"/>
      <line num="142" count="5" type="stmt"/>
      <line num="148" count="13" type="stmt"/>
      <line num="149" count="48" type="stmt"/>
      <line num="151" count="5" type="cond" truecount="2" falsecount="0"/>
      <line num="152" count="4" type="cond" truecount="2" falsecount="0"/>
      <line num="154" count="3" type="stmt"/>
      <line num="160" count="65" type="cond" truecount="2" falsecount="0"/>
      <line num="162" count="3" type="cond" truecount="2" falsecount="0"/>
      <line num="164" count="2" type="stmt"/>
      <line num="166" count="2" type="stmt"/>
      <line num="170" count="2" type="stmt"/>
      <line num="172" count="2" type="stmt"/>
      <line num="173" count="2" type="stmt"/>
      <line num="175" count="2" type="stmt"/>
      <line num="176" count="2" type="stmt"/>
      <line num="177" count="2" type="stmt"/>
      <line num="178" count="2" type="stmt"/>
      <line num="180" count="2" type="stmt"/>
      <line num="181" count="0" type="stmt"/>
      <line num="183" count="2" type="stmt"/>
      <line num="188" count="2" type="stmt"/>
      <line num="190" count="2" type="stmt"/>
      <line num="191" count="2" type="stmt"/>
      <line num="194" count="2" type="stmt"/>
    </file>
    <file name="logger.ts" path="C:\FAData\Desenvolvimento\Proprio\embedded-postgres\src\logger.ts">
      <metrics statements="4" coveredstatements="4" conditionals="2" coveredconditionals="2" methods="1" coveredmethods="1"/>
      <line num="1" count="2" type="stmt"/>
      <line num="3" count="2" type="cond" truecount="2" falsecount="0"/>
      <line num="11" count="2" type="stmt"/>
      <line num="17" count="2" type="stmt"/>
    </file>
  </project>
</coverage>
