{"E:\\FAData\\Desenvolvimento\\Proprio\\embedded-postgres\\src\\EmbeddedPostgreSQL.ts": {"path":"E:\\FAData\\Desenvolvimento\\Proprio\\embedded-postgres\\src\\EmbeddedPostgreSQL.ts","statementMap":{"0":{"start":{"line":2,"column":0},"end":{"line":2,"column":68}},"1":{"start":{"line":3,"column":0},"end":{"line":3,"column":31}},"2":{"start":{"line":4,"column":0},"end":{"line":4,"column":24}},"3":{"start":{"line":5,"column":0},"end":{"line":5,"column":78}},"4":{"start":{"line":6,"column":0},"end":{"line":6,"column":30}},"5":{"start":{"line":8,"column":14},"end":{"line":8,"column":42}},"6":{"start":{"line":43,"column":4},"end":{"line":43,"column":58}},"7":{"start":{"line":62,"column":8},"end":{"line":62,"column":33}},"8":{"start":{"line":63,"column":8},"end":{"line":63,"column":46}},"9":{"start":{"line":64,"column":8},"end":{"line":64,"column":65}},"10":{"start":{"line":66,"column":8},"end":{"line":66,"column":48}},"11":{"start":{"line":46,"column":8},"end":{"line":46,"column":82}},"12":{"start":{"line":50,"column":8},"end":{"line":50,"column":80}},"13":{"start":{"line":54,"column":8},"end":{"line":54,"column":80}},"14":{"start":{"line":74,"column":8},"end":{"line":74,"column":51}},"15":{"start":{"line":82,"column":8},"end":{"line":82,"column":49}},"16":{"start":{"line":104,"column":8},"end":{"line":104,"column":94}},"17":{"start":{"line":104,"column":39},"end":{"line":104,"column":94}},"18":{"start":{"line":105,"column":8},"end":{"line":105,"column":79}},"19":{"start":{"line":105,"column":40},"end":{"line":105,"column":79}},"20":{"start":{"line":107,"column":21},"end":{"line":107,"column":59}},"21":{"start":{"line":108,"column":8},"end":{"line":108,"column":74}},"22":{"start":{"line":109,"column":8},"end":{"line":109,"column":71}},"23":{"start":{"line":110,"column":8},"end":{"line":110,"column":73}},"24":{"start":{"line":117,"column":8},"end":{"line":117,"column":98}},"25":{"start":{"line":117,"column":41},"end":{"line":117,"column":98}},"26":{"start":{"line":119,"column":8},"end":{"line":119,"column":64}},"27":{"start":{"line":120,"column":8},"end":{"line":120,"column":44}},"28":{"start":{"line":130,"column":8},"end":{"line":130,"column":94}},"29":{"start":{"line":130,"column":39},"end":{"line":130,"column":94}},"30":{"start":{"line":131,"column":8},"end":{"line":134,"column":null}},"31":{"start":{"line":132,"column":12},"end":{"line":133,"column":52}},"32":{"start":{"line":132,"column":26},"end":{"line":132,"column":44}},"33":{"start":{"line":133,"column":17},"end":{"line":133,"column":52}},"34":{"start":{"line":136,"column":21},"end":{"line":136,"column":42}},"35":{"start":{"line":138,"column":8},"end":{"line":138,"column":76}},"36":{"start":{"line":139,"column":8},"end":{"line":139,"column":73}},"37":{"start":{"line":141,"column":24},"end":{"line":141,"column":86}},"38":{"start":{"line":144,"column":26},"end":{"line":144,"column":76}},"39":{"start":{"line":148,"column":68},"end":{"line":148,"column":70}},"40":{"start":{"line":150,"column":12},"end":{"line":153,"column":null}},"41":{"start":{"line":151,"column":16},"end":{"line":151,"column":67}},"42":{"start":{"line":151,"column":49},"end":{"line":151,"column":67}},"43":{"start":{"line":152,"column":16},"end":{"line":152,"column":102}},"44":{"start":{"line":152,"column":30},"end":{"line":152,"column":102}},"45":{"start":{"line":154,"column":12},"end":{"line":154,"column":26}},"46":{"start":{"line":157,"column":8},"end":{"line":157,"column":31}},"47":{"start":{"line":159,"column":28},"end":{"line":159,"column":33}},"48":{"start":{"line":161,"column":28},"end":{"line":161,"column":78}},"49":{"start":{"line":163,"column":8},"end":{"line":209,"column":11}},"50":{"start":{"line":165,"column":16},"end":{"line":165,"column":41}},"51":{"start":{"line":165,"column":34},"end":{"line":165,"column":41}},"52":{"start":{"line":166,"column":16},"end":{"line":204,"column":null}},"53":{"start":{"line":167,"column":33},"end":{"line":167,"column":58}},"54":{"start":{"line":169,"column":20},"end":{"line":180,"column":null}},"55":{"start":{"line":170,"column":43},"end":{"line":170,"column":84}},"56":{"start":{"line":170,"column":60},"end":{"line":170,"column":83}},"57":{"start":{"line":171,"column":24},"end":{"line":174,"column":null}},"58":{"start":{"line":172,"column":28},"end":{"line":172,"column":49}},"59":{"start":{"line":173,"column":28},"end":{"line":173,"column":104}},"60":{"start":{"line":175,"column":43},"end":{"line":175,"column":131}},"61":{"start":{"line":175,"column":60},"end":{"line":175,"column":130}},"62":{"start":{"line":176,"column":24},"end":{"line":179,"column":null}},"63":{"start":{"line":177,"column":28},"end":{"line":177,"column":49}},"64":{"start":{"line":178,"column":28},"end":{"line":178,"column":38}},"65":{"start":{"line":182,"column":20},"end":{"line":201,"column":null}},"66":{"start":{"line":184,"column":72},"end":{"line":197,"column":26}},"67":{"start":{"line":199,"column":24},"end":{"line":200,"column":59}},"68":{"start":{"line":199,"column":56},"end":{"line":199,"column":117}},"69":{"start":{"line":200,"column":29},"end":{"line":200,"column":59}},"70":{"start":{"line":203,"column":20},"end":{"line":203,"column":37}},"71":{"start":{"line":206,"column":12},"end":{"line":206,"column":52}},"72":{"start":{"line":207,"column":12},"end":{"line":207,"column":52}},"73":{"start":{"line":218,"column":8},"end":{"line":218,"column":94}},"74":{"start":{"line":218,"column":39},"end":{"line":218,"column":94}},"75":{"start":{"line":219,"column":8},"end":{"line":219,"column":91}},"76":{"start":{"line":219,"column":34},"end":{"line":219,"column":91}},"77":{"start":{"line":220,"column":8},"end":{"line":220,"column":98}},"78":{"start":{"line":220,"column":34},"end":{"line":220,"column":98}},"79":{"start":{"line":222,"column":21},"end":{"line":222,"column":50}},"80":{"start":{"line":224,"column":8},"end":{"line":224,"column":75}},"81":{"start":{"line":225,"column":8},"end":{"line":225,"column":70}},"82":{"start":{"line":227,"column":8},"end":{"line":227,"column":72}},"83":{"start":{"line":229,"column":8},"end":{"line":229,"column":49}},"84":{"start":{"line":230,"column":8},"end":{"line":230,"column":49}},"85":{"start":{"line":231,"column":8},"end":{"line":231,"column":48}},"86":{"start":{"line":232,"column":8},"end":{"line":232,"column":42}},"87":{"start":{"line":242,"column":8},"end":{"line":242,"column":94}},"88":{"start":{"line":242,"column":39},"end":{"line":242,"column":94}},"89":{"start":{"line":243,"column":21},"end":{"line":243,"column":52}},"90":{"start":{"line":245,"column":8},"end":{"line":245,"column":84}},"91":{"start":{"line":246,"column":8},"end":{"line":246,"column":70}},"92":{"start":{"line":247,"column":23},"end":{"line":247,"column":86}},"93":{"start":{"line":249,"column":8},"end":{"line":249,"column":34}},"94":{"start":{"line":257,"column":32},"end":{"line":257,"column":80}},"95":{"start":{"line":259,"column":8},"end":{"line":264,"column":null}},"96":{"start":{"line":260,"column":26},"end":{"line":260,"column":119}},"97":{"start":{"line":261,"column":26},"end":{"line":261,"column":50}},"98":{"start":{"line":263,"column":12},"end":{"line":263,"column":72}},"99":{"start":{"line":266,"column":8},"end":{"line":266,"column":62}},"100":{"start":{"line":267,"column":8},"end":{"line":267,"column":71}},"101":{"start":{"line":269,"column":8},"end":{"line":269,"column":73}},"102":{"start":{"line":32,"column":0},"end":{"line":32,"column":21}}},"fnMap":{"0":{"name":"(anonymous_1)","decl":{"start":{"line":61,"column":4},"end":{"line":61,"column":16}},"loc":{"start":{"line":61,"column":69},"end":{"line":67,"column":5}}},"1":{"name":"(anonymous_2)","decl":{"start":{"line":45,"column":4},"end":{"line":45,"column":16}},"loc":{"start":{"line":45,"column":28},"end":{"line":47,"column":5}}},"2":{"name":"(anonymous_3)","decl":{"start":{"line":49,"column":4},"end":{"line":49,"column":16}},"loc":{"start":{"line":49,"column":25},"end":{"line":51,"column":5}}},"3":{"name":"(anonymous_4)","decl":{"start":{"line":53,"column":4},"end":{"line":53,"column":16}},"loc":{"start":{"line":53,"column":26},"end":{"line":55,"column":5}}},"4":{"name":"(anonymous_5)","decl":{"start":{"line":73,"column":11},"end":{"line":73,"column":16}},"loc":{"start":{"line":73,"column":28},"end":{"line":75,"column":5}}},"5":{"name":"(anonymous_6)","decl":{"start":{"line":81,"column":11},"end":{"line":81,"column":16}},"loc":{"start":{"line":81,"column":30},"end":{"line":83,"column":5}}},"6":{"name":"(anonymous_7)","decl":{"start":{"line":103,"column":11},"end":{"line":103,"column":16}},"loc":{"start":{"line":103,"column":86},"end":{"line":111,"column":5}}},"7":{"name":"(anonymous_8)","decl":{"start":{"line":116,"column":11},"end":{"line":116,"column":16}},"loc":{"start":{"line":116,"column":23},"end":{"line":121,"column":5}}},"8":{"name":"(anonymous_9)","decl":{"start":{"line":129,"column":11},"end":{"line":129,"column":16}},"loc":{"start":{"line":129,"column":38},"end":{"line":210,"column":5}}},"9":{"name":"breakLog","decl":{"start":{"line":143,"column":17},"end":{"line":143,"column":25}},"loc":{"start":{"line":143,"column":38},"end":{"line":155,"column":9}}},"10":{"name":"(anonymous_11)","decl":{"start":{"line":163,"column":33},"end":{"line":163,"column":34}},"loc":{"start":{"line":163,"column":53},"end":{"line":209,"column":9}}},"11":{"name":"handleOutput","decl":{"start":{"line":164,"column":21},"end":{"line":164,"column":33}},"loc":{"start":{"line":164,"column":53},"end":{"line":205,"column":13}}},"12":{"name":"(anonymous_13)","decl":{"start":{"line":170,"column":53},"end":{"line":170,"column":56}},"loc":{"start":{"line":170,"column":60},"end":{"line":170,"column":83}}},"13":{"name":"(anonymous_14)","decl":{"start":{"line":175,"column":53},"end":{"line":175,"column":56}},"loc":{"start":{"line":175,"column":60},"end":{"line":175,"column":130}}},"14":{"name":"(anonymous_15)","decl":{"start":{"line":217,"column":11},"end":{"line":217,"column":16}},"loc":{"start":{"line":217,"column":21},"end":{"line":233,"column":5}}},"15":{"name":"(anonymous_16)","decl":{"start":{"line":241,"column":11},"end":{"line":241,"column":16}},"loc":{"start":{"line":241,"column":23},"end":{"line":250,"column":5}}},"16":{"name":"(anonymous_17)","decl":{"start":{"line":256,"column":11},"end":{"line":256,"column":16}},"loc":{"start":{"line":256,"column":52},"end":{"line":270,"column":5}}}},"branchMap":{"0":{"loc":{"start":{"line":61,"column":35},"end":{"line":61,"column":69}},"type":"default-arg","locations":[{"start":{"line":61,"column":35},"end":{"line":61,"column":69}}]},"1":{"loc":{"start":{"line":46,"column":64},"end":{"line":46,"column":69}},"type":"binary-expr","locations":[{"start":{"line":46,"column":64},"end":{"line":46,"column":69}},{"start":{"line":46,"column":73},"end":{"line":46,"column":79}}]},"2":{"loc":{"start":{"line":50,"column":62},"end":{"line":50,"column":67}},"type":"binary-expr","locations":[{"start":{"line":50,"column":62},"end":{"line":50,"column":67}},{"start":{"line":50,"column":71},"end":{"line":50,"column":77}}]},"3":{"loc":{"start":{"line":54,"column":62},"end":{"line":54,"column":67}},"type":"binary-expr","locations":[{"start":{"line":54,"column":62},"end":{"line":54,"column":67}},{"start":{"line":54,"column":71},"end":{"line":54,"column":77}}]},"4":{"loc":{"start":{"line":103,"column":53},"end":{"line":103,"column":86}},"type":"default-arg","locations":[{"start":{"line":103,"column":53},"end":{"line":103,"column":86}}]},"5":{"loc":{"start":{"line":104,"column":8},"end":{"line":104,"column":94}},"type":"if","locations":[{"start":{"line":104,"column":8},"end":{"line":104,"column":94}},{"start":{"line":104,"column":8},"end":{"line":104,"column":94}}]},"6":{"loc":{"start":{"line":105,"column":8},"end":{"line":105,"column":79}},"type":"if","locations":[{"start":{"line":105,"column":8},"end":{"line":105,"column":79}},{"start":{"line":105,"column":8},"end":{"line":105,"column":79}}]},"7":{"loc":{"start":{"line":117,"column":8},"end":{"line":117,"column":98}},"type":"if","locations":[{"start":{"line":117,"column":8},"end":{"line":117,"column":98}},{"start":{"line":117,"column":8},"end":{"line":117,"column":98}}]},"8":{"loc":{"start":{"line":129,"column":34},"end":{"line":129,"column":38}},"type":"default-arg","locations":[{"start":{"line":129,"column":34},"end":{"line":129,"column":38}}]},"9":{"loc":{"start":{"line":130,"column":8},"end":{"line":130,"column":94}},"type":"if","locations":[{"start":{"line":130,"column":8},"end":{"line":130,"column":94}},{"start":{"line":130,"column":8},"end":{"line":130,"column":94}}]},"10":{"loc":{"start":{"line":131,"column":8},"end":{"line":134,"column":null}},"type":"if","locations":[{"start":{"line":131,"column":8},"end":{"line":134,"column":null}},{"start":{"line":131,"column":8},"end":{"line":134,"column":null}}]},"11":{"loc":{"start":{"line":132,"column":12},"end":{"line":133,"column":52}},"type":"if","locations":[{"start":{"line":132,"column":12},"end":{"line":133,"column":52}},{"start":{"line":132,"column":12},"end":{"line":133,"column":52}}]},"12":{"loc":{"start":{"line":151,"column":16},"end":{"line":151,"column":67}},"type":"if","locations":[{"start":{"line":151,"column":16},"end":{"line":151,"column":67}},{"start":{"line":151,"column":16},"end":{"line":151,"column":67}}]},"13":{"loc":{"start":{"line":152,"column":16},"end":{"line":152,"column":102}},"type":"if","locations":[{"start":{"line":152,"column":16},"end":{"line":152,"column":102}},{"start":{"line":152,"column":16},"end":{"line":152,"column":102}}]},"14":{"loc":{"start":{"line":165,"column":16},"end":{"line":165,"column":41}},"type":"if","locations":[{"start":{"line":165,"column":16},"end":{"line":165,"column":41}},{"start":{"line":165,"column":16},"end":{"line":165,"column":41}}]},"15":{"loc":{"start":{"line":169,"column":20},"end":{"line":180,"column":null}},"type":"if","locations":[{"start":{"line":169,"column":20},"end":{"line":180,"column":null}},{"start":{"line":169,"column":20},"end":{"line":180,"column":null}}]},"16":{"loc":{"start":{"line":171,"column":24},"end":{"line":174,"column":null}},"type":"if","locations":[{"start":{"line":171,"column":24},"end":{"line":174,"column":null}},{"start":{"line":171,"column":24},"end":{"line":174,"column":null}}]},"17":{"loc":{"start":{"line":176,"column":24},"end":{"line":179,"column":null}},"type":"if","locations":[{"start":{"line":176,"column":24},"end":{"line":179,"column":null}},{"start":{"line":176,"column":24},"end":{"line":179,"column":null}}]},"18":{"loc":{"start":{"line":199,"column":24},"end":{"line":200,"column":59}},"type":"if","locations":[{"start":{"line":199,"column":24},"end":{"line":200,"column":59}},{"start":{"line":199,"column":24},"end":{"line":200,"column":59}}]},"19":{"loc":{"start":{"line":218,"column":8},"end":{"line":218,"column":94}},"type":"if","locations":[{"start":{"line":218,"column":8},"end":{"line":218,"column":94}},{"start":{"line":218,"column":8},"end":{"line":218,"column":94}}]},"20":{"loc":{"start":{"line":219,"column":8},"end":{"line":219,"column":91}},"type":"if","locations":[{"start":{"line":219,"column":8},"end":{"line":219,"column":91}},{"start":{"line":219,"column":8},"end":{"line":219,"column":91}}]},"21":{"loc":{"start":{"line":220,"column":8},"end":{"line":220,"column":98}},"type":"if","locations":[{"start":{"line":220,"column":8},"end":{"line":220,"column":98}},{"start":{"line":220,"column":8},"end":{"line":220,"column":98}}]},"22":{"loc":{"start":{"line":242,"column":8},"end":{"line":242,"column":94}},"type":"if","locations":[{"start":{"line":242,"column":8},"end":{"line":242,"column":94}},{"start":{"line":242,"column":8},"end":{"line":242,"column":94}}]}},"s":{"0":1,"1":1,"2":1,"3":1,"4":1,"5":1,"6":15,"7":15,"8":15,"9":15,"10":15,"11":16,"12":58,"13":4,"14":47,"15":7,"16":4,"17":1,"18":3,"19":1,"20":2,"21":2,"22":2,"23":2,"24":2,"25":1,"26":1,"27":1,"28":10,"29":1,"30":9,"31":2,"32":1,"33":1,"34":8,"35":8,"36":8,"37":8,"38":39,"39":39,"40":39,"41":40,"42":0,"43":40,"44":40,"45":39,"46":8,"47":8,"48":8,"49":8,"50":39,"51":0,"52":39,"53":39,"54":39,"55":38,"56":39,"57":38,"58":1,"59":1,"60":38,"61":39,"62":38,"63":7,"64":7,"65":39,"66":40,"67":40,"68":40,"69":0,"70":0,"71":8,"72":8,"73":10,"74":1,"75":9,"76":1,"77":8,"78":1,"79":7,"80":7,"81":7,"82":7,"83":7,"84":7,"85":7,"86":7,"87":23,"88":1,"89":22,"90":22,"91":22,"92":22,"93":22,"94":3,"95":3,"96":5,"97":5,"98":5,"99":3,"100":3,"101":3,"102":1},"f":{"0":15,"1":16,"2":58,"3":4,"4":47,"5":7,"6":4,"7":2,"8":10,"9":39,"10":8,"11":39,"12":39,"13":39,"14":10,"15":23,"16":3},"b":{"0":[0],"1":[16,16],"2":[58,58],"3":[4,4],"4":[0],"5":[1,3],"6":[1,2],"7":[1,1],"8":[9],"9":[1,9],"10":[2,7],"11":[1,1],"12":[0,40],"13":[40,0],"14":[0,39],"15":[38,1],"16":[1,37],"17":[7,31],"18":[40,0],"19":[1,9],"20":[1,8],"21":[1,7],"22":[1,22]}}
,"E:\\FAData\\Desenvolvimento\\Proprio\\embedded-postgres\\src\\installer.ts": {"path":"E:\\FAData\\Desenvolvimento\\Proprio\\embedded-postgres\\src\\installer.ts","statementMap":{"0":{"start":{"line":1,"column":0},"end":{"line":1,"column":24}},"1":{"start":{"line":2,"column":0},"end":{"line":2,"column":31}},"2":{"start":{"line":3,"column":0},"end":{"line":3,"column":20}},"3":{"start":{"line":4,"column":0},"end":{"line":4,"column":24}},"4":{"start":{"line":5,"column":0},"end":{"line":5,"column":32}},"5":{"start":{"line":6,"column":0},"end":{"line":6,"column":36}},"6":{"start":{"line":7,"column":0},"end":{"line":7,"column":20}},"7":{"start":{"line":8,"column":0},"end":{"line":8,"column":31}},"8":{"start":{"line":9,"column":0},"end":{"line":9,"column":47}},"9":{"start":{"line":10,"column":0},"end":{"line":10,"column":30}},"10":{"start":{"line":12,"column":0},"end":{"line":12,"column":13}},"11":{"start":{"line":14,"column":20},"end":{"line":14,"column":256}},"12":{"start":{"line":14,"column":81},"end":{"line":14,"column":256}},"13":{"start":{"line":15,"column":24},"end":{"line":15,"column":148}},"14":{"start":{"line":15,"column":85},"end":{"line":15,"column":148}},"15":{"start":{"line":16,"column":24},"end":{"line":16,"column":148}},"16":{"start":{"line":16,"column":85},"end":{"line":16,"column":148}},"17":{"start":{"line":21,"column":13},"end":{"line":21,"column":73}},"18":{"start":{"line":41,"column":4},"end":{"line":41,"column":83}},"19":{"start":{"line":41,"column":46},"end":{"line":41,"column":83}},"20":{"start":{"line":43,"column":4},"end":{"line":43,"column":48}},"21":{"start":{"line":45,"column":29},"end":{"line":45,"column":47}},"22":{"start":{"line":47,"column":4},"end":{"line":47,"column":38}},"23":{"start":{"line":49,"column":4},"end":{"line":67,"column":null}},"24":{"start":{"line":50,"column":28},"end":{"line":50,"column":39}},"25":{"start":{"line":52,"column":34},"end":{"line":52,"column":150}},"26":{"start":{"line":54,"column":33},"end":{"line":54,"column":108}},"27":{"start":{"line":56,"column":33},"end":{"line":56,"column":102}},"28":{"start":{"line":58,"column":8},"end":{"line":58,"column":97}},"29":{"start":{"line":60,"column":8},"end":{"line":60,"column":102}},"30":{"start":{"line":62,"column":8},"end":{"line":62,"column":32}},"31":{"start":{"line":64,"column":8},"end":{"line":64,"column":42}},"32":{"start":{"line":65,"column":8},"end":{"line":65,"column":73}},"33":{"start":{"line":66,"column":8},"end":{"line":66,"column":17}},"34":{"start":{"line":39,"column":0},"end":{"line":39,"column":7}},"35":{"start":{"line":77,"column":4},"end":{"line":77,"column":80}},"36":{"start":{"line":77,"column":47},"end":{"line":77,"column":80}},"37":{"start":{"line":79,"column":4},"end":{"line":79,"column":39}},"38":{"start":{"line":76,"column":0},"end":{"line":76,"column":7}},"39":{"start":{"line":88,"column":4},"end":{"line":92,"column":null}},"40":{"start":{"line":89,"column":29},"end":{"line":89,"column":87}},"41":{"start":{"line":90,"column":8},"end":{"line":90,"column":62}},"42":{"start":{"line":91,"column":8},"end":{"line":91,"column":20}},"43":{"start":{"line":93,"column":4},"end":{"line":93,"column":17}},"44":{"start":{"line":87,"column":0},"end":{"line":87,"column":7}},"45":{"start":{"line":98,"column":49},"end":{"line":118,"column":6}},"46":{"start":{"line":120,"column":45},"end":{"line":124,"column":6}},"47":{"start":{"line":126,"column":41},"end":{"line":132,"column":6}},"48":{"start":{"line":135,"column":21},"end":{"line":139,"column":6}},"49":{"start":{"line":141,"column":35},"end":{"line":141,"column":118}},"50":{"start":{"line":141,"column":84},"end":{"line":141,"column":117}},"51":{"start":{"line":142,"column":31},"end":{"line":142,"column":106}},"52":{"start":{"line":142,"column":76},"end":{"line":142,"column":105}},"53":{"start":{"line":144,"column":4},"end":{"line":144,"column":144}},"54":{"start":{"line":144,"column":32},"end":{"line":144,"column":144}},"55":{"start":{"line":145,"column":4},"end":{"line":145,"column":132}},"56":{"start":{"line":145,"column":28},"end":{"line":145,"column":132}},"57":{"start":{"line":147,"column":25},"end":{"line":151,"column":6}},"58":{"start":{"line":153,"column":30},"end":{"line":153,"column":169}},"59":{"start":{"line":153,"column":57},"end":{"line":153,"column":168}},"60":{"start":{"line":155,"column":4},"end":{"line":155,"column":230}},"61":{"start":{"line":155,"column":28},"end":{"line":155,"column":230}},"62":{"start":{"line":157,"column":4},"end":{"line":157,"column":53}},"63":{"start":{"line":159,"column":4},"end":{"line":159,"column":29}},"64":{"start":{"line":163,"column":26},"end":{"line":163,"column":102}},"65":{"start":{"line":165,"column":4},"end":{"line":165,"column":94}},"66":{"start":{"line":166,"column":24},"end":{"line":166,"column":48}},"67":{"start":{"line":168,"column":4},"end":{"line":177,"column":7}},"68":{"start":{"line":169,"column":27},"end":{"line":169,"column":62}},"69":{"start":{"line":170,"column":8},"end":{"line":172,"column":11}},"70":{"start":{"line":171,"column":12},"end":{"line":171,"column":35}},"71":{"start":{"line":173,"column":8},"end":{"line":175,"column":11}},"72":{"start":{"line":174,"column":12},"end":{"line":174,"column":26}},"73":{"start":{"line":176,"column":8},"end":{"line":176,"column":42}},"74":{"start":{"line":181,"column":26},"end":{"line":181,"column":102}},"75":{"start":{"line":183,"column":4},"end":{"line":183,"column":84}},"76":{"start":{"line":185,"column":4},"end":{"line":196,"column":7}},"77":{"start":{"line":186,"column":27},"end":{"line":186,"column":62}},"78":{"start":{"line":187,"column":8},"end":{"line":189,"column":11}},"79":{"start":{"line":188,"column":12},"end":{"line":188,"column":35}},"80":{"start":{"line":190,"column":8},"end":{"line":192,"column":11}},"81":{"start":{"line":191,"column":12},"end":{"line":191,"column":26}},"82":{"start":{"line":193,"column":8},"end":{"line":195,"column":30}},"83":{"start":{"line":201,"column":4},"end":{"line":201,"column":86}},"84":{"start":{"line":203,"column":4},"end":{"line":207,"column":7}},"85":{"start":{"line":209,"column":4},"end":{"line":209,"column":27}}},"fnMap":{"0":{"name":"(anonymous_1)","decl":{"start":{"line":14,"column":20},"end":{"line":14,"column":21}},"loc":{"start":{"line":14,"column":81},"end":{"line":14,"column":256}}},"1":{"name":"(anonymous_2)","decl":{"start":{"line":15,"column":24},"end":{"line":15,"column":25}},"loc":{"start":{"line":15,"column":85},"end":{"line":15,"column":148}}},"2":{"name":"(anonymous_3)","decl":{"start":{"line":16,"column":24},"end":{"line":16,"column":25}},"loc":{"start":{"line":16,"column":85},"end":{"line":16,"column":148}}},"3":{"name":"install","decl":{"start":{"line":39,"column":22},"end":{"line":39,"column":29}},"loc":{"start":{"line":39,"column":87},"end":{"line":68,"column":1}}},"4":{"name":"uninstall","decl":{"start":{"line":76,"column":22},"end":{"line":76,"column":31}},"loc":{"start":{"line":76,"column":72},"end":{"line":80,"column":1}}},"5":{"name":"checkInstallation","decl":{"start":{"line":87,"column":22},"end":{"line":87,"column":39}},"loc":{"start":{"line":87,"column":80},"end":{"line":94,"column":1}}},"6":{"name":"detectPAR","decl":{"start":{"line":96,"column":9},"end":{"line":96,"column":18}},"loc":{"start":{"line":96,"column":18},"end":{"line":160,"column":1}}},"7":{"name":"(anonymous_8)","decl":{"start":{"line":141,"column":73},"end":{"line":141,"column":80}},"loc":{"start":{"line":141,"column":84},"end":{"line":141,"column":117}}},"8":{"name":"(anonymous_9)","decl":{"start":{"line":142,"column":65},"end":{"line":142,"column":72}},"loc":{"start":{"line":142,"column":76},"end":{"line":142,"column":105}}},"9":{"name":"(anonymous_10)","decl":{"start":{"line":153,"column":49},"end":{"line":153,"column":53}},"loc":{"start":{"line":153,"column":57},"end":{"line":153,"column":168}}},"10":{"name":"download","decl":{"start":{"line":162,"column":15},"end":{"line":162,"column":23}},"loc":{"start":{"line":162,"column":111},"end":{"line":178,"column":1}}},"11":{"name":"(anonymous_12)","decl":{"start":{"line":168,"column":31},"end":{"line":168,"column":32}},"loc":{"start":{"line":168,"column":51},"end":{"line":177,"column":5}}},"12":{"name":"(anonymous_13)","decl":{"start":{"line":170,"column":31},"end":{"line":170,"column":34}},"loc":{"start":{"line":170,"column":36},"end":{"line":172,"column":9}}},"13":{"name":"(anonymous_14)","decl":{"start":{"line":173,"column":31},"end":{"line":173,"column":32}},"loc":{"start":{"line":173,"column":41},"end":{"line":175,"column":9}}},"14":{"name":"extractJar","decl":{"start":{"line":180,"column":15},"end":{"line":180,"column":25}},"loc":{"start":{"line":180,"column":109},"end":{"line":197,"column":1}}},"15":{"name":"(anonymous_16)","decl":{"start":{"line":185,"column":31},"end":{"line":185,"column":32}},"loc":{"start":{"line":185,"column":51},"end":{"line":196,"column":5}}},"16":{"name":"(anonymous_17)","decl":{"start":{"line":187,"column":31},"end":{"line":187,"column":34}},"loc":{"start":{"line":187,"column":36},"end":{"line":189,"column":9}}},"17":{"name":"(anonymous_18)","decl":{"start":{"line":190,"column":31},"end":{"line":190,"column":32}},"loc":{"start":{"line":190,"column":41},"end":{"line":192,"column":9}}},"18":{"name":"extractTxz","decl":{"start":{"line":199,"column":15},"end":{"line":199,"column":25}},"loc":{"start":{"line":199,"column":109},"end":{"line":210,"column":1}}}},"branchMap":{"0":{"loc":{"start":{"line":39,"column":69},"end":{"line":39,"column":87}},"type":"default-arg","locations":[{"start":{"line":39,"column":69},"end":{"line":39,"column":87}}]},"1":{"loc":{"start":{"line":41,"column":4},"end":{"line":41,"column":83}},"type":"if","locations":[{"start":{"line":41,"column":4},"end":{"line":41,"column":83}},{"start":{"line":41,"column":4},"end":{"line":41,"column":83}}]},"2":{"loc":{"start":{"line":76,"column":54},"end":{"line":76,"column":72}},"type":"default-arg","locations":[{"start":{"line":76,"column":54},"end":{"line":76,"column":72}}]},"3":{"loc":{"start":{"line":77,"column":4},"end":{"line":77,"column":80}},"type":"if","locations":[{"start":{"line":77,"column":4},"end":{"line":77,"column":80}},{"start":{"line":77,"column":4},"end":{"line":77,"column":80}}]},"4":{"loc":{"start":{"line":87,"column":62},"end":{"line":87,"column":80}},"type":"default-arg","locations":[{"start":{"line":87,"column":62},"end":{"line":87,"column":80}}]},"5":{"loc":{"start":{"line":88,"column":4},"end":{"line":92,"column":null}},"type":"if","locations":[{"start":{"line":88,"column":4},"end":{"line":92,"column":null}},{"start":{"line":88,"column":4},"end":{"line":92,"column":null}}]},"6":{"loc":{"start":{"line":144,"column":4},"end":{"line":144,"column":144}},"type":"if","locations":[{"start":{"line":144,"column":4},"end":{"line":144,"column":144}},{"start":{"line":144,"column":4},"end":{"line":144,"column":144}}]},"7":{"loc":{"start":{"line":145,"column":4},"end":{"line":145,"column":132}},"type":"if","locations":[{"start":{"line":145,"column":4},"end":{"line":145,"column":132}},{"start":{"line":145,"column":4},"end":{"line":145,"column":132}}]},"8":{"loc":{"start":{"line":153,"column":57},"end":{"line":153,"column":94}},"type":"binary-expr","locations":[{"start":{"line":153,"column":57},"end":{"line":153,"column":94}},{"start":{"line":153,"column":98},"end":{"line":153,"column":128}},{"start":{"line":153,"column":132},"end":{"line":153,"column":168}}]},"9":{"loc":{"start":{"line":155,"column":4},"end":{"line":155,"column":230}},"type":"if","locations":[{"start":{"line":155,"column":4},"end":{"line":155,"column":230}},{"start":{"line":155,"column":4},"end":{"line":155,"column":230}}]}},"s":{"0":2,"1":2,"2":2,"3":2,"4":2,"5":2,"6":2,"7":2,"8":2,"9":2,"10":2,"11":2,"12":2,"13":2,"14":2,"15":2,"16":2,"17":2,"18":6,"19":1,"20":5,"21":5,"22":5,"23":5,"24":5,"25":2,"26":2,"27":2,"28":2,"29":2,"30":2,"31":3,"32":3,"33":3,"34":2,"35":2,"36":1,"37":1,"38":2,"39":56,"40":45,"41":45,"42":45,"43":11,"44":2,"45":5,"46":5,"47":5,"48":5,"49":5,"50":13,"51":5,"52":24,"53":5,"54":1,"55":4,"56":1,"57":3,"58":3,"59":55,"60":3,"61":1,"62":2,"63":2,"64":2,"65":2,"66":2,"67":2,"68":2,"69":2,"70":2,"71":2,"72":0,"73":2,"74":2,"75":2,"76":2,"77":2,"78":2,"79":2,"80":2,"81":0,"82":2,"83":2,"84":2,"85":2},"f":{"0":2,"1":2,"2":2,"3":6,"4":2,"5":56,"6":5,"7":13,"8":24,"9":55,"10":2,"11":2,"12":2,"13":0,"14":2,"15":2,"16":2,"17":0,"18":2},"b":{"0":[0],"1":[1,5],"2":[0],"3":[1,1],"4":[0],"5":[45,11],"6":[1,4],"7":[1,3],"8":[55,5,2],"9":[1,2]}}
,"E:\\FAData\\Desenvolvimento\\Proprio\\embedded-postgres\\src\\logger.ts": {"path":"E:\\FAData\\Desenvolvimento\\Proprio\\embedded-postgres\\src\\logger.ts","statementMap":{"0":{"start":{"line":1,"column":0},"end":{"line":1,"column":46}},"1":{"start":{"line":3,"column":17},"end":{"line":3,"column":49}},"2":{"start":{"line":6,"column":4},"end":{"line":8,"column":7}},"3":{"start":{"line":11,"column":0},"end":{"line":11,"column":29}}},"fnMap":{"0":{"name":"setupLogger","decl":{"start":{"line":5,"column":9},"end":{"line":5,"column":20}},"loc":{"start":{"line":5,"column":20},"end":{"line":9,"column":1}}}},"branchMap":{"0":{"loc":{"start":{"line":3,"column":17},"end":{"line":3,"column":38}},"type":"binary-expr","locations":[{"start":{"line":3,"column":17},"end":{"line":3,"column":38}},{"start":{"line":3,"column":42},"end":{"line":3,"column":49}}]}},"s":{"0":2,"1":2,"2":2,"3":2},"f":{"0":2},"b":{"0":[2,2]}}
}
