TN:
SF:src\EmbeddedPostgreSQL.ts
FN:61,(anonymous_1)
FN:45,(anonymous_2)
FN:49,(anonymous_3)
FN:53,(anonymous_4)
FN:73,(anonymous_5)
FN:81,(anonymous_6)
FN:90,(anonymous_7)
FN:103,(anonymous_8)
FN:116,(anonymous_9)
FN:130,breakLog
FN:150,(anonymous_11)
FN:151,handleOutput
FN:157,(anonymous_13)
FN:162,(anonymous_14)
FN:202,(anonymous_15)
FN:226,(anonymous_16)
FN:241,(anonymous_17)
FNF:17
FNH:17
FNDA:13,(anonymous_1)
FNDA:12,(anonymous_2)
FNDA:46,(anonymous_3)
FNDA:2,(anonymous_4)
FNDA:38,(anonymous_5)
FNDA:6,(anonymous_6)
FNDA:3,(anonymous_7)
FNDA:2,(anonymous_8)
FNDA:8,(anonymous_9)
FNDA:29,breakLog
FNDA:6,(anonymous_11)
FNDA:29,handleOutput
FNDA:29,(anonymous_13)
FNDA:29,(anonymous_14)
FNDA:8,(anonymous_15)
FNDA:19,(anonymous_16)
FNDA:3,(anonymous_17)
DA:2,1
DA:3,1
DA:4,1
DA:5,1
DA:6,1
DA:8,1
DA:32,1
DA:43,13
DA:46,12
DA:50,46
DA:54,2
DA:62,13
DA:63,13
DA:64,13
DA:66,13
DA:74,38
DA:82,6
DA:91,3
DA:92,2
DA:94,1
DA:95,1
DA:96,1
DA:97,1
DA:104,2
DA:106,1
DA:107,1
DA:117,8
DA:118,7
DA:119,2
DA:120,1
DA:123,6
DA:125,6
DA:126,6
DA:128,6
DA:131,29
DA:135,29
DA:137,29
DA:138,30
DA:139,30
DA:141,29
DA:144,6
DA:146,6
DA:148,6
DA:150,6
DA:152,29
DA:153,29
DA:154,29
DA:156,29
DA:157,29
DA:158,28
DA:159,1
DA:160,1
DA:162,29
DA:163,28
DA:164,5
DA:165,5
DA:169,29
DA:171,30
DA:185,30
DA:188,0
DA:191,6
DA:192,6
DA:203,8
DA:204,7
DA:205,6
DA:207,5
DA:209,5
DA:210,5
DA:212,5
DA:214,5
DA:215,5
DA:216,5
DA:217,5
DA:227,19
DA:228,18
DA:230,18
DA:231,18
DA:232,18
DA:234,18
DA:242,3
DA:244,3
DA:245,5
DA:246,5
DA:248,5
DA:251,3
DA:252,3
DA:254,3
LF:87
LH:86
BRDA:61,0,0,0
BRDA:46,1,0,12
BRDA:46,1,1,12
BRDA:50,2,0,46
BRDA:50,2,1,46
BRDA:54,3,0,2
BRDA:54,3,1,2
BRDA:91,4,0,1
BRDA:91,4,1,2
BRDA:92,5,0,1
BRDA:92,5,1,1
BRDA:104,6,0,1
BRDA:104,6,1,1
BRDA:116,7,0,7
BRDA:117,8,0,1
BRDA:117,8,1,7
BRDA:118,9,0,2
BRDA:118,9,1,5
BRDA:119,10,0,1
BRDA:119,10,1,1
BRDA:138,11,0,0
BRDA:138,11,1,30
BRDA:139,12,0,30
BRDA:139,12,1,0
BRDA:152,13,0,0
BRDA:152,13,1,29
BRDA:156,14,0,28
BRDA:156,14,1,1
BRDA:158,15,0,1
BRDA:158,15,1,27
BRDA:163,16,0,5
BRDA:163,16,1,23
BRDA:203,17,0,1
BRDA:203,17,1,7
BRDA:204,18,0,1
BRDA:204,18,1,6
BRDA:205,19,0,1
BRDA:205,19,1,5
BRDA:227,20,0,1
BRDA:227,20,1,18
BRF:40
BRH:36
end_of_record
TN:
SF:src\installer.ts
FN:14,(anonymous_1)
FN:15,(anonymous_2)
FN:16,(anonymous_3)
FN:39,install
FN:76,uninstall
FN:87,checkInstallation
FN:96,detectPAR
FN:141,(anonymous_8)
FN:142,(anonymous_9)
FN:153,(anonymous_10)
FN:162,download
FN:168,(anonymous_12)
FN:170,(anonymous_13)
FN:173,(anonymous_14)
FN:180,extractJar
FN:185,(anonymous_16)
FN:187,(anonymous_17)
FN:190,(anonymous_18)
FN:199,extractTxz
FNF:19
FNH:17
FNDA:2,(anonymous_1)
FNDA:2,(anonymous_2)
FNDA:2,(anonymous_3)
FNDA:6,install
FNDA:2,uninstall
FNDA:47,checkInstallation
FNDA:5,detectPAR
FNDA:13,(anonymous_8)
FNDA:24,(anonymous_9)
FNDA:55,(anonymous_10)
FNDA:2,download
FNDA:2,(anonymous_12)
FNDA:2,(anonymous_13)
FNDA:0,(anonymous_14)
FNDA:2,extractJar
FNDA:2,(anonymous_16)
FNDA:2,(anonymous_17)
FNDA:0,(anonymous_18)
FNDA:2,extractTxz
DA:1,2
DA:2,2
DA:3,2
DA:4,2
DA:5,2
DA:6,2
DA:7,2
DA:8,2
DA:9,2
DA:10,2
DA:12,2
DA:14,2
DA:15,2
DA:16,2
DA:21,2
DA:39,2
DA:41,6
DA:43,5
DA:45,5
DA:47,5
DA:49,5
DA:50,5
DA:52,2
DA:54,2
DA:56,2
DA:58,2
DA:60,2
DA:62,2
DA:64,3
DA:65,3
DA:66,3
DA:76,2
DA:77,2
DA:79,1
DA:87,2
DA:88,47
DA:89,36
DA:90,36
DA:91,36
DA:93,11
DA:98,5
DA:120,5
DA:126,5
DA:135,5
DA:141,13
DA:142,24
DA:144,5
DA:145,4
DA:147,3
DA:153,55
DA:155,3
DA:157,2
DA:159,2
DA:163,2
DA:165,2
DA:166,2
DA:168,2
DA:169,2
DA:170,2
DA:171,2
DA:173,2
DA:174,0
DA:176,2
DA:181,2
DA:183,2
DA:185,2
DA:186,2
DA:187,2
DA:188,2
DA:190,2
DA:191,0
DA:193,2
DA:201,2
DA:203,2
DA:209,2
LF:75
LH:73
BRDA:39,0,0,0
BRDA:41,1,0,1
BRDA:41,1,1,5
BRDA:76,2,0,0
BRDA:77,3,0,1
BRDA:77,3,1,1
BRDA:87,4,0,0
BRDA:88,5,0,36
BRDA:88,5,1,11
BRDA:144,6,0,1
BRDA:144,6,1,4
BRDA:145,7,0,1
BRDA:145,7,1,3
BRDA:153,8,0,55
BRDA:153,8,1,5
BRDA:153,8,2,2
BRDA:155,9,0,1
BRDA:155,9,1,2
BRF:18
BRH:15
end_of_record
TN:
SF:src\logger.ts
FN:5,setupLogger
FNF:1
FNH:1
FNDA:2,setupLogger
DA:1,2
DA:3,2
DA:6,2
DA:11,2
LF:4
LH:4
BRDA:3,0,0,2
BRDA:3,0,1,2
BRF:2
BRH:2
end_of_record
