TN:
SF:src\EmbeddedPostgreSQL.ts
FN:61,(anonymous_1)
FN:45,(anonymous_2)
FN:49,(anonymous_3)
FN:53,(anonymous_4)
FN:73,(anonymous_5)
FN:81,(anonymous_6)
FN:103,(anonymous_7)
FN:116,(anonymous_8)
FN:129,(anonymous_9)
FN:143,breakLog
FN:163,(anonymous_11)
FN:164,handleOutput
FN:170,(anonymous_13)
FN:175,(anonymous_14)
FN:217,(anonymous_15)
FN:241,(anonymous_16)
FN:256,(anonymous_17)
FNF:17
FNH:17
FNDA:15,(anonymous_1)
FNDA:16,(anonymous_2)
FNDA:58,(anonymous_3)
FNDA:4,(anonymous_4)
FNDA:47,(anonymous_5)
FNDA:7,(anonymous_6)
FNDA:4,(anonymous_7)
FNDA:2,(anonymous_8)
FNDA:10,(anonymous_9)
FNDA:39,breakLog
FNDA:8,(anonymous_11)
FNDA:39,handleOutput
FNDA:39,(anonymous_13)
FNDA:39,(anonymous_14)
FNDA:10,(anonymous_15)
FNDA:23,(anonymous_16)
FNDA:3,(anonymous_17)
DA:2,1
DA:3,1
DA:4,1
DA:5,1
DA:6,1
DA:8,1
DA:32,1
DA:43,15
DA:46,16
DA:50,58
DA:54,4
DA:62,15
DA:63,15
DA:64,15
DA:66,15
DA:74,47
DA:82,7
DA:104,4
DA:105,3
DA:107,2
DA:108,2
DA:109,2
DA:110,2
DA:117,2
DA:119,1
DA:120,1
DA:130,10
DA:131,9
DA:132,2
DA:133,1
DA:136,8
DA:138,8
DA:139,8
DA:141,8
DA:144,39
DA:148,39
DA:150,39
DA:151,40
DA:152,40
DA:154,39
DA:157,8
DA:159,8
DA:161,8
DA:163,8
DA:165,39
DA:166,39
DA:167,39
DA:169,39
DA:170,39
DA:171,38
DA:172,1
DA:173,1
DA:175,39
DA:176,38
DA:177,7
DA:178,7
DA:182,39
DA:184,40
DA:199,40
DA:200,0
DA:203,0
DA:206,8
DA:207,8
DA:218,10
DA:219,9
DA:220,8
DA:222,7
DA:224,7
DA:225,7
DA:227,7
DA:229,7
DA:230,7
DA:231,7
DA:232,7
DA:242,23
DA:243,22
DA:245,22
DA:246,22
DA:247,22
DA:249,22
DA:257,3
DA:259,3
DA:260,5
DA:261,5
DA:263,5
DA:266,3
DA:267,3
DA:269,3
LF:88
LH:86
BRDA:61,0,0,0
BRDA:46,1,0,16
BRDA:46,1,1,16
BRDA:50,2,0,58
BRDA:50,2,1,58
BRDA:54,3,0,4
BRDA:54,3,1,4
BRDA:103,4,0,0
BRDA:104,5,0,1
BRDA:104,5,1,3
BRDA:105,6,0,1
BRDA:105,6,1,2
BRDA:117,7,0,1
BRDA:117,7,1,1
BRDA:129,8,0,9
BRDA:130,9,0,1
BRDA:130,9,1,9
BRDA:131,10,0,2
BRDA:131,10,1,7
BRDA:132,11,0,1
BRDA:132,11,1,1
BRDA:151,12,0,0
BRDA:151,12,1,40
BRDA:152,13,0,40
BRDA:152,13,1,0
BRDA:165,14,0,0
BRDA:165,14,1,39
BRDA:169,15,0,38
BRDA:169,15,1,1
BRDA:171,16,0,1
BRDA:171,16,1,37
BRDA:176,17,0,7
BRDA:176,17,1,31
BRDA:199,18,0,40
BRDA:199,18,1,0
BRDA:218,19,0,1
BRDA:218,19,1,9
BRDA:219,20,0,1
BRDA:219,20,1,8
BRDA:220,21,0,1
BRDA:220,21,1,7
BRDA:242,22,0,1
BRDA:242,22,1,22
BRF:43
BRH:37
end_of_record
TN:
SF:src\installer.ts
FN:14,(anonymous_1)
FN:15,(anonymous_2)
FN:16,(anonymous_3)
FN:39,install
FN:76,uninstall
FN:87,checkInstallation
FN:96,detectPAR
FN:141,(anonymous_8)
FN:142,(anonymous_9)
FN:153,(anonymous_10)
FN:162,download
FN:168,(anonymous_12)
FN:170,(anonymous_13)
FN:173,(anonymous_14)
FN:180,extractJar
FN:185,(anonymous_16)
FN:187,(anonymous_17)
FN:190,(anonymous_18)
FN:199,extractTxz
FNF:19
FNH:17
FNDA:2,(anonymous_1)
FNDA:2,(anonymous_2)
FNDA:2,(anonymous_3)
FNDA:6,install
FNDA:2,uninstall
FNDA:56,checkInstallation
FNDA:5,detectPAR
FNDA:13,(anonymous_8)
FNDA:24,(anonymous_9)
FNDA:55,(anonymous_10)
FNDA:2,download
FNDA:2,(anonymous_12)
FNDA:2,(anonymous_13)
FNDA:0,(anonymous_14)
FNDA:2,extractJar
FNDA:2,(anonymous_16)
FNDA:2,(anonymous_17)
FNDA:0,(anonymous_18)
FNDA:2,extractTxz
DA:1,2
DA:2,2
DA:3,2
DA:4,2
DA:5,2
DA:6,2
DA:7,2
DA:8,2
DA:9,2
DA:10,2
DA:12,2
DA:14,2
DA:15,2
DA:16,2
DA:21,2
DA:39,2
DA:41,6
DA:43,5
DA:45,5
DA:47,5
DA:49,5
DA:50,5
DA:52,2
DA:54,2
DA:56,2
DA:58,2
DA:60,2
DA:62,2
DA:64,3
DA:65,3
DA:66,3
DA:76,2
DA:77,2
DA:79,1
DA:87,2
DA:88,56
DA:89,45
DA:90,45
DA:91,45
DA:93,11
DA:98,5
DA:120,5
DA:126,5
DA:135,5
DA:141,13
DA:142,24
DA:144,5
DA:145,4
DA:147,3
DA:153,55
DA:155,3
DA:157,2
DA:159,2
DA:163,2
DA:165,2
DA:166,2
DA:168,2
DA:169,2
DA:170,2
DA:171,2
DA:173,2
DA:174,0
DA:176,2
DA:181,2
DA:183,2
DA:185,2
DA:186,2
DA:187,2
DA:188,2
DA:190,2
DA:191,0
DA:193,2
DA:201,2
DA:203,2
DA:209,2
LF:75
LH:73
BRDA:39,0,0,0
BRDA:41,1,0,1
BRDA:41,1,1,5
BRDA:76,2,0,0
BRDA:77,3,0,1
BRDA:77,3,1,1
BRDA:87,4,0,0
BRDA:88,5,0,45
BRDA:88,5,1,11
BRDA:144,6,0,1
BRDA:144,6,1,4
BRDA:145,7,0,1
BRDA:145,7,1,3
BRDA:153,8,0,55
BRDA:153,8,1,5
BRDA:153,8,2,2
BRDA:155,9,0,1
BRDA:155,9,1,2
BRF:18
BRH:15
end_of_record
TN:
SF:src\logger.ts
FN:10,setupLogger
FNF:1
FNH:1
FNDA:2,setupLogger
DA:1,2
DA:3,2
DA:11,2
DA:17,2
LF:4
LH:4
BRDA:3,0,0,2
BRDA:3,0,1,2
BRF:2
BRH:2
end_of_record
